app/build/intermediates/manifest_merge_blame_file/release/manifest-merger-blame-release-report.txt
1<?xml version="1.0" encoding="utf-8"?>
2<manifest xmlns:android="http://schemas.android.com/apk/res/android"
3    package="com.example.matrixhomeassignment"
4    android:versionCode="1"
5    android:versionName="1.0.0" >
6
7    <uses-sdk
8        android:minSdkVersion="26"
8-->src/main/AndroidManifest.xml
9        android:targetSdkVersion="32" />
9-->src/main/AndroidManifest.xml
10
11    <uses-permission android:name="android.permission.INTERNET" />
11-->src/main/AndroidManifest.xml:5:5-66
11-->src/main/AndroidManifest.xml:5:22-64
12
13    <application
13-->src/main/AndroidManifest.xml:6:5-23:19
14        android:allowBackup="true"
14-->src/main/AndroidManifest.xml:7:9-35
15        android:appComponentFactory="androidx.core.app.CoreComponentFactory"
15-->[androidx.core:core:1.7.0] AndroidManifest.xml:24:18-86
16        android:extractNativeLibs="false"
17        android:icon="@mipmap/ic_launcher"
17-->src/main/AndroidManifest.xml:8:9-43
18        android:label="@string/app_name"
18-->src/main/AndroidManifest.xml:9:9-41
19        android:roundIcon="@mipmap/ic_launcher_round"
19-->src/main/AndroidManifest.xml:10:9-54
20        android:testOnly="true"
21        android:theme="@style/Theme.MatrixHomeAssignment"
21-->src/main/AndroidManifest.xml:12:9-58
22        android:usesCleartextTraffic="true" >
22-->src/main/AndroidManifest.xml:11:9-44
23        <activity
23-->src/main/AndroidManifest.xml:13:9-22:20
24            android:name="com.example.matrixhomeassignment.MainActivity"
24-->src/main/AndroidManifest.xml:15:13-41
25            android:exported="true"
25-->src/main/AndroidManifest.xml:16:13-36
26            android:screenOrientation="portrait" >
26-->src/main/AndroidManifest.xml:14:13-49
27            <intent-filter>
27-->src/main/AndroidManifest.xml:17:13-21:29
28                <action android:name="android.intent.action.MAIN" />
28-->src/main/AndroidManifest.xml:18:17-69
28-->src/main/AndroidManifest.xml:18:25-66
29
30                <category android:name="android.intent.category.LAUNCHER" />
30-->src/main/AndroidManifest.xml:20:17-77
30-->src/main/AndroidManifest.xml:20:27-74
31            </intent-filter>
32        </activity>
33
34        <service
34-->[androidx.room:room-runtime:2.5.0-alpha01] AndroidManifest.xml:26:9-30:63
35            android:name="androidx.room.MultiInstanceInvalidationService"
35-->[androidx.room:room-runtime:2.5.0-alpha01] AndroidManifest.xml:27:13-74
36            android:directBootAware="true"
36-->[androidx.room:room-runtime:2.5.0-alpha01] AndroidManifest.xml:28:13-43
37            android:exported="false" />
37-->[androidx.room:room-runtime:2.5.0-alpha01] AndroidManifest.xml:29:13-37
38
39        <uses-library
39-->[androidx.window:window:1.0.0] AndroidManifest.xml:25:9-27:40
40            android:name="androidx.window.extensions"
40-->[androidx.window:window:1.0.0] AndroidManifest.xml:26:13-54
41            android:required="false" />
41-->[androidx.window:window:1.0.0] AndroidManifest.xml:27:13-37
42        <uses-library
42-->[androidx.window:window:1.0.0] AndroidManifest.xml:28:9-30:40
43            android:name="androidx.window.sidecar"
43-->[androidx.window:window:1.0.0] AndroidManifest.xml:29:13-51
44            android:required="false" />
44-->[androidx.window:window:1.0.0] AndroidManifest.xml:30:13-37
45
46        <provider
46-->[com.squareup.picasso:picasso:2.71828] AndroidManifest.xml:8:9-11:40
47            android:name="com.squareup.picasso.PicassoProvider"
47-->[com.squareup.picasso:picasso:2.71828] AndroidManifest.xml:9:13-64
48            android:authorities="com.example.matrixhomeassignment.com.squareup.picasso"
48-->[com.squareup.picasso:picasso:2.71828] AndroidManifest.xml:10:13-72
49            android:exported="false" />
49-->[com.squareup.picasso:picasso:2.71828] AndroidManifest.xml:11:13-37
50    </application>
51
52</manifest>